<?xml version="1.0" encoding="UTF-8"?>
<testng-results ignored="0" total="2" passed="2" failed="0" skipped="0">
  <reporter-output>
  </reporter-output>
  <suite started-at="2024-03-09T22:58:30 IST" name="Suite" finished-at="2024-03-09T22:58:50 IST" duration-ms="19624">
    <groups>
    </groups>
    <test started-at="2024-03-09T22:58:30 IST" name="Test1" finished-at="2024-03-09T22:58:38 IST" duration-ms="8315">
      <class name="testing.Testcase1">
        <test-method is-config="true" signature="launch(java.lang.String)[pri:0, instance:testing.Testcase1@7a35b0f5]" started-at="2024-03-09T22:58:30 IST" name="launch" finished-at="2024-03-09T22:58:38 IST" duration-ms="7601" status="PASS">
          <params>
            <param index="0">
              <value>
                <![CDATA[chrome]]>
              </value>
            </param>
          </params>
          <reporter-output>
          </reporter-output>
        </test-method> <!-- launch -->
        <test-method signature="test()[pri:0, instance:testing.Testcase1@7a35b0f5]" started-at="2024-03-09T22:58:38 IST" name="test" finished-at="2024-03-09T22:58:38 IST" duration-ms="10" status="PASS">
          <reporter-output>
          </reporter-output>
        </test-method> <!-- test -->
        <test-method is-config="true" signature="close()[pri:0, instance:testing.Testcase1@7a35b0f5]" started-at="2024-03-09T22:58:38 IST" name="close" finished-at="2024-03-09T22:58:38 IST" duration-ms="622" status="PASS">
          <reporter-output>
          </reporter-output>
        </test-method> <!-- close -->
      </class> <!-- testing.Testcase1 -->
    </test> <!-- Test1 -->
    <test started-at="2024-03-09T22:58:39 IST" name="Test2" finished-at="2024-03-09T22:58:50 IST" duration-ms="11219">
      <class name="testing.Testcase2">
        <test-method is-config="true" signature="launch(java.lang.String)[pri:0, instance:testing.Testcase2@1972e513]" started-at="2024-03-09T22:58:39 IST" name="launch" finished-at="2024-03-09T22:58:47 IST" duration-ms="8466" status="PASS">
          <params>
            <param index="0">
              <value>
                <![CDATA[firefox]]>
              </value>
            </param>
          </params>
          <reporter-output>
          </reporter-output>
        </test-method> <!-- launch -->
        <test-method signature="test2()[pri:0, instance:testing.Testcase2@1972e513]" started-at="2024-03-09T22:58:47 IST" name="test2" finished-at="2024-03-09T22:58:47 IST" duration-ms="4" status="PASS">
          <reporter-output>
          </reporter-output>
        </test-method> <!-- test2 -->
        <test-method is-config="true" signature="close()[pri:0, instance:testing.Testcase2@1972e513]" started-at="2024-03-09T22:58:47 IST" name="close" finished-at="2024-03-09T22:58:50 IST" duration-ms="2742" status="PASS">
          <reporter-output>
          </reporter-output>
        </test-method> <!-- close -->
      </class> <!-- testing.Testcase2 -->
    </test> <!-- Test2 -->
  </suite> <!-- Suite -->
</testng-results>
